<?xml version="1.0" encoding="UTF-8"?>
<!-- Generated by org.testng.reporters.JUnitXMLReporter -->
<testsuite hostname="DESKTOP-1D1H5F9" ignored="0" name="Default test" tests="3" failures="0" timestamp="31 Jan 2020 12:37:16 GMT" time="45.502" errors="0">
  <testcase name="verifyLoginPageTitle" time="0.042" classname="com.qa.hubspot.tests.LoginTest"/>
  <testcase name="verfiySignUpLinkText" time="0.191" classname="com.qa.hubspot.tests.LoginTest"/>
  <testcase name="verifyDoLogin" time="1.02" classname="com.qa.hubspot.tests.LoginTest"/>
</testsuite> <!-- Default test -->
