<?xml version="1.0" encoding="UTF-8"?>
<testng-results skipped="0" failed="0" ignored="0" total="3" passed="3">
  <reporter-output>
  </reporter-output>
  <suite name="Default suite" duration-ms="45502" started-at="2020-01-31T12:36:31Z" finished-at="2020-01-31T12:37:16Z">
    <groups>
    </groups>
    <test name="Default test" duration-ms="45502" started-at="2020-01-31T12:36:31Z" finished-at="2020-01-31T12:37:16Z">
      <class name="com.qa.hubspot.tests.LoginTest">
        <test-method status="PASS" signature="setUp()[pri:0, instance:com.qa.hubspot.tests.LoginTest@4667ae56]" name="setUp" is-config="true" duration-ms="15960" started-at="2020-01-31T12:36:31Z" finished-at="2020-01-31T12:36:47Z">
          <reporter-output>
          </reporter-output>
        </test-method> <!-- setUp -->
        <test-method status="PASS" signature="verifyLoginPageTitle()[pri:1, instance:com.qa.hubspot.tests.LoginTest@4667ae56]" name="verifyLoginPageTitle" duration-ms="42" started-at="2020-01-31T12:36:47Z" finished-at="2020-01-31T12:36:47Z">
          <reporter-output>
          </reporter-output>
        </test-method> <!-- verifyLoginPageTitle -->
        <test-method status="PASS" signature="tearDown()[pri:0, instance:com.qa.hubspot.tests.LoginTest@4667ae56]" name="tearDown" is-config="true" duration-ms="724" started-at="2020-01-31T12:36:47Z" finished-at="2020-01-31T12:36:48Z">
          <reporter-output>
          </reporter-output>
        </test-method> <!-- tearDown -->
        <test-method status="PASS" signature="setUp()[pri:0, instance:com.qa.hubspot.tests.LoginTest@4667ae56]" name="setUp" is-config="true" duration-ms="13225" started-at="2020-01-31T12:36:48Z" finished-at="2020-01-31T12:37:01Z">
          <reporter-output>
          </reporter-output>
        </test-method> <!-- setUp -->
        <test-method status="PASS" signature="verfiySignUpLinkText()[pri:2, instance:com.qa.hubspot.tests.LoginTest@4667ae56]" name="verfiySignUpLinkText" duration-ms="191" started-at="2020-01-31T12:37:01Z" finished-at="2020-01-31T12:37:01Z">
          <reporter-output>
          </reporter-output>
        </test-method> <!-- verfiySignUpLinkText -->
        <test-method status="PASS" signature="tearDown()[pri:0, instance:com.qa.hubspot.tests.LoginTest@4667ae56]" name="tearDown" is-config="true" duration-ms="750" started-at="2020-01-31T12:37:01Z" finished-at="2020-01-31T12:37:02Z">
          <reporter-output>
          </reporter-output>
        </test-method> <!-- tearDown -->
        <test-method status="PASS" signature="setUp()[pri:0, instance:com.qa.hubspot.tests.LoginTest@4667ae56]" name="setUp" is-config="true" duration-ms="12661" started-at="2020-01-31T12:37:02Z" finished-at="2020-01-31T12:37:15Z">
          <reporter-output>
          </reporter-output>
        </test-method> <!-- setUp -->
        <test-method status="PASS" signature="verifyDoLogin()[pri:3, instance:com.qa.hubspot.tests.LoginTest@4667ae56]" name="verifyDoLogin" duration-ms="1020" started-at="2020-01-31T12:37:15Z" finished-at="2020-01-31T12:37:16Z">
          <reporter-output>
          </reporter-output>
        </test-method> <!-- verifyDoLogin -->
        <test-method status="PASS" signature="tearDown()[pri:0, instance:com.qa.hubspot.tests.LoginTest@4667ae56]" name="tearDown" is-config="true" duration-ms="872" started-at="2020-01-31T12:37:16Z" finished-at="2020-01-31T12:37:16Z">
          <reporter-output>
          </reporter-output>
        </test-method> <!-- tearDown -->
      </class> <!-- com.qa.hubspot.tests.LoginTest -->
    </test> <!-- Default test -->
  </suite> <!-- Default suite -->
</testng-results>
